Drill report for /home/leon/Kamworks/codeswitch2/pcb/pcb.kicad_pcb
Created on Sun 18 Jun 2017 10:30:06 PM CEST

Copper Layer Stackup:
    =============================================================
    L1 :  F.Cu                      front
    L2 :  B.Cu                      back


Drill file 'pcb.drl' contains
    plated through holes:
    =============================================================
    T1  0.40mm  0.016"  (7 holes)
    T2  0.60mm  0.024"  (52 holes)
    T3  0.65mm  0.026"  (10 holes)
    T4  1.00mm  0.039"  (62 holes)
    T5  1.30mm  0.051"  (8 holes)
    T6  3.20mm  0.126"  (5 holes)

    Total plated holes count 144


Drill file 'pcb-NPTH.drl' contains
    unplated through holes:
    =============================================================

    Total unplated holes count 0
